[0701/092714.676:ERROR:process_memory_win.cc(73)] ReadMemory at 0x7ff7ee740000 of 64 bytes failed: 仅完成部分的 ReadProcessMemory 或 WriteProcessMemory 请求。 (0x12B)
[0701/092714.680:WARNING:pe_image_reader.cc(340)] could not read dos header from C:\Program Files (x86)\Google\Chrome\Application\chrome.exe
[0701/092714.680:ERROR:process_memory_win.cc(73)] ReadMemory at 0x7ffa5ce60000 of 64 bytes failed: 仅完成部分的 ReadProcessMemory 或 WriteProcessMemory 请求。 (0x12B)
[0701/092714.680:WARNING:pe_image_reader.cc(340)] could not read dos header from C:\WINDOWS\SYSTEM32\ntdll.dll
[0701/092714.680:ERROR:process_memory_win.cc(73)] ReadMemory at 0x7ffa5cd60000 of 64 bytes failed: 仅完成部分的 ReadProcessMemory 或 WriteProcessMemory 请求。 (0x12B)
[0701/092714.681:WARNING:pe_image_reader.cc(340)] could not read dos header from C:\WINDOWS\System32\KERNEL32.DLL
[0701/092714.681:ERROR:process_memory_win.cc(73)] ReadMemory at 0x7ffa5ac60000 of 64 bytes failed: 仅完成部分的 ReadProcessMemory 或 WriteProcessMemory 请求。 (0x12B)
[0701/092714.681:WARNING:pe_image_reader.cc(340)] could not read dos header from C:\WINDOWS\System32\KERNELBASE.dll
[0701/092714.681:ERROR:process_memory_win.cc(73)] ReadMemory at 0x7ffa3e1b0000 of 64 bytes failed: 仅完成部分的 ReadProcessMemory 或 WriteProcessMemory 请求。 (0x12B)
[0701/092714.681:WARNING:pe_image_reader.cc(340)] could not read dos header from C:\Program Files (x86)\Google\Chrome\Application\81.0.4044.122\chrome_elf.dll
[0701/092714.681:ERROR:process_memory_win.cc(73)] ReadMemory at 0x7ffa59920000 of 64 bytes failed: 仅完成部分的 ReadProcessMemory 或 WriteProcessMemory 请求。 (0x12B)
[0701/092714.681:WARNING:pe_image_reader.cc(340)] could not read dos header from C:\WINDOWS\SYSTEM32\VERSION.dll
[0701/092714.681:ERROR:process_memory_win.cc(73)] ReadMemory at 0x7ffa5ccc0000 of 64 bytes failed: 仅完成部分的 ReadProcessMemory 或 WriteProcessMemory 请求。 (0x12B)
[0701/092714.681:WARNING:pe_image_reader.cc(340)] could not read dos header from C:\WINDOWS\System32\msvcrt.dll
[0701/092714.681:ERROR:process_memory_win.cc(73)] ReadMemory at 0x7ffa59e20000 of 64 bytes failed: 仅完成部分的 ReadProcessMemory 或 WriteProcessMemory 请求。 (0x12B)
[0701/092714.681:WARNING:pe_image_reader.cc(340)] could not read dos header from C:\WINDOWS\System32\bcryptPrimitives.dll
[0701/092714.682:ERROR:process_memory_win.cc(73)] ReadMemory at 0x7ffa5ba20000 of 64 bytes failed: 仅完成部分的 ReadProcessMemory 或 WriteProcessMemory 请求。 (0x12B)
[0701/092714.682:WARNING:pe_image_reader.cc(340)] could not read dos header from C:\WINDOWS\System32\ADVAPI32.dll
[0701/092714.682:ERROR:process_memory_win.cc(73)] ReadMemory at 0x7ffa5c160000 of 64 bytes failed: 仅完成部分的 ReadProcessMemory 或 WriteProcessMemory 请求。 (0x12B)
[0701/092714.682:WARNING:pe_image_reader.cc(340)] could not read dos header from C:\WINDOWS\System32\sechost.dll
[0701/092714.682:ERROR:process_memory_win.cc(73)] ReadMemory at 0x7ffa5b210000 of 64 bytes failed: 仅完成部分的 ReadProcessMemory 或 WriteProcessMemory 请求。 (0x12B)
[0701/092714.682:WARNING:pe_image_reader.cc(340)] could not read dos header from C:\WINDOWS\System32\RPCRT4.dll
[0701/092714.682:ERROR:process_memory_win.cc(73)] ReadMemory at 0x7ffa16140000 of 64 bytes failed: 仅完成部分的 ReadProcessMemory 或 WriteProcessMemory 请求。 (0x12B)
[0701/092714.682:WARNING:pe_image_reader.cc(340)] could not read dos header from C:\Program Files (x86)\Google\Chrome\Application\81.0.4044.122\chrome.dll
[0701/092714.682:ERROR:process_memory_win.cc(73)] ReadMemory at 0x7ffa5bf40000 of 64 bytes failed: 仅完成部分的 ReadProcessMemory 或 WriteProcessMemory 请求。 (0x12B)
[0701/092714.682:WARNING:pe_image_reader.cc(340)] could not read dos header from C:\WINDOWS\System32\WS2_32.dll
[0701/092714.682:ERROR:process_memory_win.cc(73)] ReadMemory at 0x7ffa5c2e0000 of 64 bytes failed: 仅完成部分的 ReadProcessMemory 或 WriteProcessMemory 请求。 (0x12B)
[0701/092714.682:WARNING:pe_image_reader.cc(340)] could not read dos header from C:\WINDOWS\System32\OLEAUT32.dll
[0701/092714.683:ERROR:process_memory_win.cc(73)] ReadMemory at 0x7ffa5a620000 of 64 bytes failed: 仅完成部分的 ReadProcessMemory 或 WriteProcessMemory 请求。 (0x12B)
[0701/092714.683:WARNING:pe_image_reader.cc(340)] could not read dos header from C:\WINDOWS\System32\msvcp_win.dll
[0701/092714.683:ERROR:process_memory_win.cc(73)] ReadMemory at 0x7ffa5a940000 of 64 bytes failed: 仅完成部分的 ReadProcessMemory 或 WriteProcessMemory 请求。 (0x12B)
[0701/092714.683:WARNING:pe_image_reader.cc(340)] could not read dos header from C:\WINDOWS\System32\ucrtbase.dll
[0701/092714.683:ERROR:process_memory_win.cc(73)] ReadMemory at 0x7ffa5b6e0000 of 64 bytes failed: 仅完成部分的 ReadProcessMemory 或 WriteProcessMemory 请求。 (0x12B)
[0701/092714.683:WARNING:pe_image_reader.cc(340)] could not read dos header from C:\WINDOWS\System32\combase.dll
[0701/092714.683:ERROR:process_memory_win.cc(73)] ReadMemory at 0x7ffa5abe0000 of 64 bytes failed: 仅完成部分的 ReadProcessMemory 或 WriteProcessMemory 请求。 (0x12B)
[0701/092714.683:WARNING:pe_image_reader.cc(340)] could not read dos header from C:\WINDOWS\System32\WINTRUST.dll
[0701/092714.683:ERROR:process_memory_win.cc(73)] ReadMemory at 0x7ffa59d50000 of 64 bytes failed: 仅完成部分的 ReadProcessMemory 或 WriteProcessMemory 请求。 (0x12B)
[0701/092714.683:WARNING:pe_image_reader.cc(340)] could not read dos header from C:\WINDOWS\System32\MSASN1.dll
[0701/092714.683:ERROR:process_memory_win.cc(73)] ReadMemory at 0x7ffa5a7a0000 of 64 bytes failed: 仅完成部分的 ReadProcessMemory 或 WriteProcessMemory 请求。 (0x12B)
[0701/092714.683:WARNING:pe_image_reader.cc(340)] could not read dos header from C:\WINDOWS\System32\CRYPT32.dll
[0701/092714.684:ERROR:process_memory_win.cc(73)] ReadMemory at 0x7ffa59230000 of 64 bytes failed: 仅完成部分的 ReadProcessMemory 或 WriteProcessMemory 请求。 (0x12B)
[0701/092714.684:WARNING:pe_image_reader.cc(340)] could not read dos header from C:\WINDOWS\SYSTEM32\IPHLPAPI.DLL
[0701/092714.684:ERROR:process_memory_win.cc(73)] ReadMemory at 0x7ffa57950000 of 64 bytes failed: 仅完成部分的 ReadProcessMemory 或 WriteProcessMemory 请求。 (0x12B)
[0701/092714.684:WARNING:pe_image_reader.cc(340)] could not read dos header from C:\WINDOWS\SYSTEM32\WINMM.dll
[0701/092714.684:ERROR:process_memory_win.cc(73)] ReadMemory at 0x7ffa34680000 of 64 bytes failed: 仅完成部分的 ReadProcessMemory 或 WriteProcessMemory 请求。 (0x12B)
[0701/092714.684:WARNING:pe_image_reader.cc(340)] could not read dos header from C:\WINDOWS\SYSTEM32\Secur32.dll
[0701/092714.684:ERROR:process_memory_win.cc(73)] ReadMemory at 0x7ffa59c10000 of 64 bytes failed: 仅完成部分的 ReadProcessMemory 或 WriteProcessMemory 请求。 (0x12B)
[0701/092714.684:WARNING:pe_image_reader.cc(340)] could not read dos header from C:\WINDOWS\SYSTEM32\USERENV.dll
[0701/092714.684:ERROR:process_memory_win.cc(73)] ReadMemory at 0x7ffa59d70000 of 64 bytes failed: 仅完成部分的 ReadProcessMemory 或 WriteProcessMemory 请求。 (0x12B)
[0701/092714.684:WARNING:pe_image_reader.cc(340)] could not read dos header from C:\WINDOWS\System32\profapi.dll
[0701/092714.684:ERROR:process_memory_win.cc(73)] ReadMemory at 0x7ffa2ef30000 of 64 bytes failed: 仅完成部分的 ReadProcessMemory 或 WriteProcessMemory 请求。 (0x12B)
[0701/092714.684:WARNING:pe_image_reader.cc(340)] could not read dos header from C:\WINDOWS\SYSTEM32\UIAutomationCore.DLL
[0701/092714.684:ERROR:process_memory_win.cc(73)] ReadMemory at 0x7ffa3c140000 of 64 bytes failed: 仅完成部分的 ReadProcessMemory 或 WriteProcessMemory 请求。 (0x12B)
[0701/092714.684:WARNING:pe_image_reader.cc(340)] could not read dos header from C:\WINDOWS\SYSTEM32\DWrite.dll
[0701/092714.684:ERROR:process_memory_win.cc(73)] ReadMemory at 0x7ffa49090000 of 64 bytes failed: 仅完成部分的 ReadProcessMemory 或 WriteProcessMemory 请求。 (0x12B)
[0701/092714.684:WARNING:pe_image_reader.cc(340)] could not read dos header from C:\WINDOWS\SYSTEM32\WINSPOOL.DRV
[0701/092714.685:ERROR:process_memory_win.cc(73)] ReadMemory at 0x7ffa59d30000 of 64 bytes failed: 仅完成部分的 ReadProcessMemory 或 WriteProcessMemory 请求。 (0x12B)
[0701/092714.685:WARNING:pe_image_reader.cc(340)] could not read dos header from C:\WINDOWS\System32\kernel.appcore.dll
[0701/092714.685:ERROR:process_memory_win.cc(73)] ReadMemory at 0x7ffa59df0000 of 64 bytes failed: 仅完成部分的 ReadProcessMemory 或 WriteProcessMemory 请求。 (0x12B)
[0701/092714.685:WARNING:pe_image_reader.cc(340)] could not read dos header from C:\WINDOWS\System32\bcrypt.dll
[0701/092714.685:ERROR:process_memory_win.cc(73)] ReadMemory at 0x7ffa585e0000 of 64 bytes failed: 仅完成部分的 ReadProcessMemory 或 WriteProcessMemory 请求。 (0x12B)
[0701/092714.685:WARNING:pe_image_reader.cc(340)] could not read dos header from C:\WINDOWS\SYSTEM32\dbghelp.dll
[0701/092714.685:ERROR:process_memory_win.cc(73)] ReadMemory at 0x7ffa53360000 of 64 bytes failed: 仅完成部分的 ReadProcessMemory 或 WriteProcessMemory 请求。 (0x12B)
[0701/092714.685:WARNING:pe_image_reader.cc(340)] could not read dos header from C:\WINDOWS\SYSTEM32\WINHTTP.dll
[0701/092714.685:ERROR:process_memory_win.cc(73)] ReadMemory at 0x7ffa51e60000 of 64 bytes failed: 仅完成部分的 ReadProcessMemory 或 WriteProcessMemory 请求。 (0x12B)
[0701/092714.685:WARNING:pe_image_reader.cc(340)] could not read dos header from C:\WINDOWS\SYSTEM32\dhcpcsvc.DLL
[0701/092714.685:ERROR:process_memory_win.cc(73)] ReadMemory at 0x7ffa5ccb0000 of 64 bytes failed: 仅完成部分的 ReadProcessMemory 或 WriteProcessMemory 请求。 (0x12B)
[0701/092714.685:WARNING:pe_image_reader.cc(340)] could not read dos header from C:\WINDOWS\System32\NSI.dll
[0701/092714.685:ERROR:process_memory_win.cc(73)] ReadMemory at 0x7ffa574d0000 of 64 bytes failed: 仅完成部分的 ReadProcessMemory 或 WriteProcessMemory 请求。 (0x12B)
[0701/092714.685:WARNING:pe_image_reader.cc(340)] could not read dos header from C:\WINDOWS\SYSTEM32\WINMMBASE.dll
[0701/092714.685:ERROR:process_memory_win.cc(73)] ReadMemory at 0x7ffa5a8f0000 of 64 bytes failed: 仅完成部分的 ReadProcessMemory 或 WriteProcessMemory 请求。 (0x12B)
[0701/092714.685:WARNING:pe_image_reader.cc(340)] could not read dos header from C:\WINDOWS\System32\cfgmgr32.dll
[0701/092714.685:ERROR:process_memory_win.cc(73)] ReadMemory at 0x7ffa562c0000 of 64 bytes failed: 仅完成部分的 ReadProcessMemory 或 WriteProcessMemory 请求。 (0x12B)
[0701/092714.685:WARNING:pe_image_reader.cc(340)] could not read dos header from C:\WINDOWS\SYSTEM32\PROPSYS.dll
[0701/092714.685:ERROR:process_memory_win.cc(73)] ReadMemory at 0x7ffa5b540000 of 64 bytes failed: 仅完成部分的 ReadProcessMemory 或 WriteProcessMemory 请求。 (0x12B)
[0701/092714.685:WARNING:pe_image_reader.cc(340)] could not read dos header from C:\WINDOWS\System32\shcore.dll
[0701/092714.685:ERROR:process_memory_win.cc(73)] ReadMemory at 0x7ffa59c40000 of 64 bytes failed: 仅完成部分的 ReadProcessMemory 或 WriteProcessMemory 请求。 (0x12B)
[0701/092714.686:WARNING:pe_image_reader.cc(340)] could not read dos header from C:\WINDOWS\SYSTEM32\SSPICLI.DLL
[0701/092714.686:ERROR:process_memory_win.cc(73)] ReadMemory at 0x7ffa596f0000 of 64 bytes failed: 仅完成部分的 ReadProcessMemory 或 WriteProcessMemory 请求。 (0x12B)
[0701/092714.686:WARNING:pe_image_reader.cc(340)] could not read dos header from C:\WINDOWS\SYSTEM32\CRYPTBASE.DLL
[0701/092714.690:ERROR:process_memory_win.cc(73)] ReadMemory at 0x7ff7ee740000 of 64 bytes failed: 仅完成部分的 ReadProcessMemory 或 WriteProcessMemory 请求。 (0x12B)
[0701/092714.690:WARNING:pe_image_reader.cc(340)] could not read dos header from C:\Program Files (x86)\Google\Chrome\Application\chrome.exe
[0701/092714.690:ERROR:process_memory_win.cc(73)] ReadMemory at 0x7ffa5ce60000 of 64 bytes failed: 仅完成部分的 ReadProcessMemory 或 WriteProcessMemory 请求。 (0x12B)
[0701/092714.690:WARNING:pe_image_reader.cc(340)] could not read dos header from C:\WINDOWS\SYSTEM32\ntdll.dll
[0701/092714.690:ERROR:process_memory_win.cc(73)] ReadMemory at 0x7ffa5cd60000 of 64 bytes failed: 仅完成部分的 ReadProcessMemory 或 WriteProcessMemory 请求。 (0x12B)
[0701/092714.690:WARNING:pe_image_reader.cc(340)] could not read dos header from C:\WINDOWS\System32\KERNEL32.DLL
[0701/092714.690:ERROR:process_memory_win.cc(73)] ReadMemory at 0x7ffa5ac60000 of 64 bytes failed: 仅完成部分的 ReadProcessMemory 或 WriteProcessMemory 请求。 (0x12B)
[0701/092714.690:WARNING:pe_image_reader.cc(340)] could not read dos header from C:\WINDOWS\System32\KERNELBASE.dll
[0701/092714.690:ERROR:process_memory_win.cc(73)] ReadMemory at 0x7ffa3e1b0000 of 64 bytes failed: 仅完成部分的 ReadProcessMemory 或 WriteProcessMemory 请求。 (0x12B)
[0701/092714.691:WARNING:pe_image_reader.cc(340)] could not read dos header from C:\Program Files (x86)\Google\Chrome\Application\81.0.4044.122\chrome_elf.dll
[0701/092714.691:ERROR:process_memory_win.cc(73)] ReadMemory at 0x7ffa59920000 of 64 bytes failed: 仅完成部分的 ReadProcessMemory 或 WriteProcessMemory 请求。 (0x12B)
[0701/092714.691:WARNING:pe_image_reader.cc(340)] could not read dos header from C:\WINDOWS\SYSTEM32\VERSION.dll
[0701/092714.691:ERROR:process_memory_win.cc(73)] ReadMemory at 0x7ffa5ccc0000 of 64 bytes failed: 仅完成部分的 ReadProcessMemory 或 WriteProcessMemory 请求。 (0x12B)
[0701/092714.691:WARNING:pe_image_reader.cc(340)] could not read dos header from C:\WINDOWS\System32\msvcrt.dll
[0701/092714.691:ERROR:process_memory_win.cc(73)] ReadMemory at 0x7ffa59e20000 of 64 bytes failed: 仅完成部分的 ReadProcessMemory 或 WriteProcessMemory 请求。 (0x12B)
[0701/092714.691:WARNING:pe_image_reader.cc(340)] could not read dos header from C:\WINDOWS\System32\bcryptPrimitives.dll
[0701/092714.691:ERROR:process_memory_win.cc(73)] ReadMemory at 0x7ffa5ba20000 of 64 bytes failed: 仅完成部分的 ReadProcessMemory 或 WriteProcessMemory 请求。 (0x12B)
[0701/092714.691:WARNING:pe_image_reader.cc(340)] could not read dos header from C:\WINDOWS\System32\ADVAPI32.dll
[0701/092714.691:ERROR:process_memory_win.cc(73)] ReadMemory at 0x7ffa5c160000 of 64 bytes failed: 仅完成部分的 ReadProcessMemory 或 WriteProcessMemory 请求。 (0x12B)
[0701/092714.691:WARNING:pe_image_reader.cc(340)] could not read dos header from C:\WINDOWS\System32\sechost.dll
[0701/092714.691:ERROR:process_memory_win.cc(73)] ReadMemory at 0x7ffa5b210000 of 64 bytes failed: 仅完成部分的 ReadProcessMemory 或 WriteProcessMemory 请求。 (0x12B)
[0701/092714.691:WARNING:pe_image_reader.cc(340)] could not read dos header from C:\WINDOWS\System32\RPCRT4.dll
[0701/092714.691:ERROR:process_memory_win.cc(73)] ReadMemory at 0x7ffa16140000 of 64 bytes failed: 仅完成部分的 ReadProcessMemory 或 WriteProcessMemory 请求。 (0x12B)
[0701/092714.691:WARNING:pe_image_reader.cc(340)] could not read dos header from C:\Program Files (x86)\Google\Chrome\Application\81.0.4044.122\chrome.dll
[0701/092714.691:ERROR:process_memory_win.cc(73)] ReadMemory at 0x7ffa5bf40000 of 64 bytes failed: 仅完成部分的 ReadProcessMemory 或 WriteProcessMemory 请求。 (0x12B)
[0701/092714.691:WARNING:pe_image_reader.cc(340)] could not read dos header from C:\WINDOWS\System32\WS2_32.dll
[0701/092714.691:ERROR:process_memory_win.cc(73)] ReadMemory at 0x7ffa5c2e0000 of 64 bytes failed: 仅完成部分的 ReadProcessMemory 或 WriteProcessMemory 请求。 (0x12B)
[0701/092714.691:WARNING:pe_image_reader.cc(340)] could not read dos header from C:\WINDOWS\System32\OLEAUT32.dll
[0701/092714.692:ERROR:process_memory_win.cc(73)] ReadMemory at 0x7ffa5a620000 of 64 bytes failed: 仅完成部分的 ReadProcessMemory 或 WriteProcessMemory 请求。 (0x12B)
[0701/092714.692:WARNING:pe_image_reader.cc(340)] could not read dos header from C:\WINDOWS\System32\msvcp_win.dll
[0701/092714.692:ERROR:process_memory_win.cc(73)] ReadMemory at 0x7ffa5a940000 of 64 bytes failed: 仅完成部分的 ReadProcessMemory 或 WriteProcessMemory 请求。 (0x12B)
[0701/092714.692:WARNING:pe_image_reader.cc(340)] could not read dos header from C:\WINDOWS\System32\ucrtbase.dll
[0701/092714.692:ERROR:process_memory_win.cc(73)] ReadMemory at 0x7ffa5b6e0000 of 64 bytes failed: 仅完成部分的 ReadProcessMemory 或 WriteProcessMemory 请求。 (0x12B)
[0701/092714.692:WARNING:pe_image_reader.cc(340)] could not read dos header from C:\WINDOWS\System32\combase.dll
[0701/092714.692:ERROR:process_memory_win.cc(73)] ReadMemory at 0x7ffa5abe0000 of 64 bytes failed: 仅完成部分的 ReadProcessMemory 或 WriteProcessMemory 请求。 (0x12B)
[0701/092714.692:WARNING:pe_image_reader.cc(340)] could not read dos header from C:\WINDOWS\System32\WINTRUST.dll
[0701/092714.692:ERROR:process_memory_win.cc(73)] ReadMemory at 0x7ffa59d50000 of 64 bytes failed: 仅完成部分的 ReadProcessMemory 或 WriteProcessMemory 请求。 (0x12B)
[0701/092714.692:WARNING:pe_image_reader.cc(340)] could not read dos header from C:\WINDOWS\System32\MSASN1.dll
[0701/092714.692:ERROR:process_memory_win.cc(73)] ReadMemory at 0x7ffa5a7a0000 of 64 bytes failed: 仅完成部分的 ReadProcessMemory 或 WriteProcessMemory 请求。 (0x12B)
[0701/092714.692:WARNING:pe_image_reader.cc(340)] could not read dos header from C:\WINDOWS\System32\CRYPT32.dll
[0701/092714.692:ERROR:process_memory_win.cc(73)] ReadMemory at 0x7ffa59230000 of 64 bytes failed: 仅完成部分的 ReadProcessMemory 或 WriteProcessMemory 请求。 (0x12B)
[0701/092714.692:WARNING:pe_image_reader.cc(340)] could not read dos header from C:\WINDOWS\SYSTEM32\IPHLPAPI.DLL
[0701/092714.692:ERROR:process_memory_win.cc(73)] ReadMemory at 0x7ffa57950000 of 64 bytes failed: 仅完成部分的 ReadProcessMemory 或 WriteProcessMemory 请求。 (0x12B)
[0701/092714.692:WARNING:pe_image_reader.cc(340)] could not read dos header from C:\WINDOWS\SYSTEM32\WINMM.dll
[0701/092714.692:ERROR:process_memory_win.cc(73)] ReadMemory at 0x7ffa34680000 of 64 bytes failed: 仅完成部分的 ReadProcessMemory 或 WriteProcessMemory 请求。 (0x12B)
[0701/092714.692:WARNING:pe_image_reader.cc(340)] could not read dos header from C:\WINDOWS\SYSTEM32\Secur32.dll
[0701/092714.692:ERROR:process_memory_win.cc(73)] ReadMemory at 0x7ffa59c10000 of 64 bytes failed: 仅完成部分的 ReadProcessMemory 或 WriteProcessMemory 请求。 (0x12B)
[0701/092714.692:WARNING:pe_image_reader.cc(340)] could not read dos header from C:\WINDOWS\SYSTEM32\USERENV.dll
[0701/092714.692:ERROR:process_memory_win.cc(73)] ReadMemory at 0x7ffa59d70000 of 64 bytes failed: 仅完成部分的 ReadProcessMemory 或 WriteProcessMemory 请求。 (0x12B)
[0701/092714.692:WARNING:pe_image_reader.cc(340)] could not read dos header from C:\WINDOWS\System32\profapi.dll
[0701/092714.692:ERROR:process_memory_win.cc(73)] ReadMemory at 0x7ffa2ef30000 of 64 bytes failed: 仅完成部分的 ReadProcessMemory 或 WriteProcessMemory 请求。 (0x12B)
[0701/092714.693:WARNING:pe_image_reader.cc(340)] could not read dos header from C:\WINDOWS\SYSTEM32\UIAutomationCore.DLL
[0701/092714.693:ERROR:process_memory_win.cc(73)] ReadMemory at 0x7ffa3c140000 of 64 bytes failed: 仅完成部分的 ReadProcessMemory 或 WriteProcessMemory 请求。 (0x12B)
[0701/092714.693:WARNING:pe_image_reader.cc(340)] could not read dos header from C:\WINDOWS\SYSTEM32\DWrite.dll
[0701/092714.693:ERROR:process_memory_win.cc(73)] ReadMemory at 0x7ffa49090000 of 64 bytes failed: 仅完成部分的 ReadProcessMemory 或 WriteProcessMemory 请求。 (0x12B)
[0701/092714.693:WARNING:pe_image_reader.cc(340)] could not read dos header from C:\WINDOWS\SYSTEM32\WINSPOOL.DRV
[0701/092714.693:ERROR:process_memory_win.cc(73)] ReadMemory at 0x7ffa59d30000 of 64 bytes failed: 仅完成部分的 ReadProcessMemory 或 WriteProcessMemory 请求。 (0x12B)
[0701/092714.693:WARNING:pe_image_reader.cc(340)] could not read dos header from C:\WINDOWS\System32\kernel.appcore.dll
[0701/092714.693:ERROR:process_memory_win.cc(73)] ReadMemory at 0x7ffa59df0000 of 64 bytes failed: 仅完成部分的 ReadProcessMemory 或 WriteProcessMemory 请求。 (0x12B)
[0701/092714.693:WARNING:pe_image_reader.cc(340)] could not read dos header from C:\WINDOWS\System32\bcrypt.dll
[0701/092714.693:ERROR:process_memory_win.cc(73)] ReadMemory at 0x7ffa585e0000 of 64 bytes failed: 仅完成部分的 ReadProcessMemory 或 WriteProcessMemory 请求。 (0x12B)
[0701/092714.693:WARNING:pe_image_reader.cc(340)] could not read dos header from C:\WINDOWS\SYSTEM32\dbghelp.dll
[0701/092714.693:ERROR:process_memory_win.cc(73)] ReadMemory at 0x7ffa53360000 of 64 bytes failed: 仅完成部分的 ReadProcessMemory 或 WriteProcessMemory 请求。 (0x12B)
[0701/092714.693:WARNING:pe_image_reader.cc(340)] could not read dos header from C:\WINDOWS\SYSTEM32\WINHTTP.dll
[0701/092714.693:ERROR:process_memory_win.cc(73)] ReadMemory at 0x7ffa51e60000 of 64 bytes failed: 仅完成部分的 ReadProcessMemory 或 WriteProcessMemory 请求。 (0x12B)
[0701/092714.693:WARNING:pe_image_reader.cc(340)] could not read dos header from C:\WINDOWS\SYSTEM32\dhcpcsvc.DLL
[0701/092714.693:ERROR:process_memory_win.cc(73)] ReadMemory at 0x7ffa5ccb0000 of 64 bytes failed: 仅完成部分的 ReadProcessMemory 或 WriteProcessMemory 请求。 (0x12B)
[0701/092714.694:WARNING:pe_image_reader.cc(340)] could not read dos header from C:\WINDOWS\System32\NSI.dll
[0701/092714.694:ERROR:process_memory_win.cc(73)] ReadMemory at 0x7ffa574d0000 of 64 bytes failed: 仅完成部分的 ReadProcessMemory 或 WriteProcessMemory 请求。 (0x12B)
[0701/092714.694:WARNING:pe_image_reader.cc(340)] could not read dos header from C:\WINDOWS\SYSTEM32\WINMMBASE.dll
[0701/092714.694:ERROR:process_memory_win.cc(73)] ReadMemory at 0x7ffa5a8f0000 of 64 bytes failed: 仅完成部分的 ReadProcessMemory 或 WriteProcessMemory 请求。 (0x12B)
[0701/092714.694:WARNING:pe_image_reader.cc(340)] could not read dos header from C:\WINDOWS\System32\cfgmgr32.dll
[0701/092714.694:ERROR:process_memory_win.cc(73)] ReadMemory at 0x7ffa562c0000 of 64 bytes failed: 仅完成部分的 ReadProcessMemory 或 WriteProcessMemory 请求。 (0x12B)
[0701/092714.694:WARNING:pe_image_reader.cc(340)] could not read dos header from C:\WINDOWS\SYSTEM32\PROPSYS.dll
[0701/092714.694:ERROR:process_memory_win.cc(73)] ReadMemory at 0x7ffa5b540000 of 64 bytes failed: 仅完成部分的 ReadProcessMemory 或 WriteProcessMemory 请求。 (0x12B)
[0701/092714.694:WARNING:pe_image_reader.cc(340)] could not read dos header from C:\WINDOWS\System32\shcore.dll
[0701/092714.694:ERROR:process_memory_win.cc(73)] ReadMemory at 0x7ffa59c40000 of 64 bytes failed: 仅完成部分的 ReadProcessMemory 或 WriteProcessMemory 请求。 (0x12B)
[0701/092714.694:WARNING:pe_image_reader.cc(340)] could not read dos header from C:\WINDOWS\SYSTEM32\SSPICLI.DLL
[0701/092714.694:ERROR:process_memory_win.cc(73)] ReadMemory at 0x7ffa596f0000 of 64 bytes failed: 仅完成部分的 ReadProcessMemory 或 WriteProcessMemory 请求。 (0x12B)
[0701/092714.694:WARNING:pe_image_reader.cc(340)] could not read dos header from C:\WINDOWS\SYSTEM32\CRYPTBASE.DLL
[0701/092714.694:ERROR:process_memory_win.cc(73)] ReadMemory at 0x7ff7ee740000 of 64 bytes failed: 仅完成部分的 ReadProcessMemory 或 WriteProcessMemory 请求。 (0x12B)
[0701/092714.694:WARNING:pe_image_reader.cc(340)] could not read dos header from C:\Program Files (x86)\Google\Chrome\Application\chrome.exe
[0701/092714.695:ERROR:process_memory_win.cc(73)] ReadMemory at 0x7ffa5ce60000 of 64 bytes failed: 仅完成部分的 ReadProcessMemory 或 WriteProcessMemory 请求。 (0x12B)
[0701/092714.695:WARNING:pe_image_reader.cc(340)] could not read dos header from C:\WINDOWS\SYSTEM32\ntdll.dll
[0701/092714.695:ERROR:process_memory_win.cc(73)] ReadMemory at 0x7ffa5cd60000 of 64 bytes failed: 仅完成部分的 ReadProcessMemory 或 WriteProcessMemory 请求。 (0x12B)
[0701/092714.695:WARNING:pe_image_reader.cc(340)] could not read dos header from C:\WINDOWS\System32\KERNEL32.DLL
[0701/092714.695:ERROR:process_memory_win.cc(73)] ReadMemory at 0x7ffa5ac60000 of 64 bytes failed: 仅完成部分的 ReadProcessMemory 或 WriteProcessMemory 请求。 (0x12B)
[0701/092714.695:WARNING:pe_image_reader.cc(340)] could not read dos header from C:\WINDOWS\System32\KERNELBASE.dll
[0701/092714.695:ERROR:process_memory_win.cc(73)] ReadMemory at 0x7ffa3e1b0000 of 64 bytes failed: 仅完成部分的 ReadProcessMemory 或 WriteProcessMemory 请求。 (0x12B)
[0701/092714.695:WARNING:pe_image_reader.cc(340)] could not read dos header from C:\Program Files (x86)\Google\Chrome\Application\81.0.4044.122\chrome_elf.dll
[0701/092714.695:ERROR:process_memory_win.cc(73)] ReadMemory at 0x7ffa59920000 of 64 bytes failed: 仅完成部分的 ReadProcessMemory 或 WriteProcessMemory 请求。 (0x12B)
[0701/092714.695:WARNING:pe_image_reader.cc(340)] could not read dos header from C:\WINDOWS\SYSTEM32\VERSION.dll
[0701/092714.695:ERROR:process_memory_win.cc(73)] ReadMemory at 0x7ffa5ccc0000 of 64 bytes failed: 仅完成部分的 ReadProcessMemory 或 WriteProcessMemory 请求。 (0x12B)
[0701/092714.695:WARNING:pe_image_reader.cc(340)] could not read dos header from C:\WINDOWS\System32\msvcrt.dll
[0701/092714.695:ERROR:process_memory_win.cc(73)] ReadMemory at 0x7ffa59e20000 of 64 bytes failed: 仅完成部分的 ReadProcessMemory 或 WriteProcessMemory 请求。 (0x12B)
[0701/092714.695:WARNING:pe_image_reader.cc(340)] could not read dos header from C:\WINDOWS\System32\bcryptPrimitives.dll
[0701/092714.695:ERROR:process_memory_win.cc(73)] ReadMemory at 0x7ffa5ba20000 of 64 bytes failed: 仅完成部分的 ReadProcessMemory 或 WriteProcessMemory 请求。 (0x12B)
[0701/092714.695:WARNING:pe_image_reader.cc(340)] could not read dos header from C:\WINDOWS\System32\ADVAPI32.dll
[0701/092714.696:ERROR:process_memory_win.cc(73)] ReadMemory at 0x7ffa5c160000 of 64 bytes failed: 仅完成部分的 ReadProcessMemory 或 WriteProcessMemory 请求。 (0x12B)
[0701/092714.696:WARNING:pe_image_reader.cc(340)] could not read dos header from C:\WINDOWS\System32\sechost.dll
[0701/092714.696:ERROR:process_memory_win.cc(73)] ReadMemory at 0x7ffa5b210000 of 64 bytes failed: 仅完成部分的 ReadProcessMemory 或 WriteProcessMemory 请求。 (0x12B)
[0701/092714.696:WARNING:pe_image_reader.cc(340)] could not read dos header from C:\WINDOWS\System32\RPCRT4.dll
[0701/092714.696:ERROR:process_memory_win.cc(73)] ReadMemory at 0x7ffa16140000 of 64 bytes failed: 仅完成部分的 ReadProcessMemory 或 WriteProcessMemory 请求。 (0x12B)
[0701/092714.696:WARNING:pe_image_reader.cc(340)] could not read dos header from C:\Program Files (x86)\Google\Chrome\Application\81.0.4044.122\chrome.dll
[0701/092714.696:ERROR:process_memory_win.cc(73)] ReadMemory at 0x7ffa5bf40000 of 64 bytes failed: 仅完成部分的 ReadProcessMemory 或 WriteProcessMemory 请求。 (0x12B)
[0701/092714.696:WARNING:pe_image_reader.cc(340)] could not read dos header from C:\WINDOWS\System32\WS2_32.dll
[0701/092714.696:ERROR:process_memory_win.cc(73)] ReadMemory at 0x7ffa5c2e0000 of 64 bytes failed: 仅完成部分的 ReadProcessMemory 或 WriteProcessMemory 请求。 (0x12B)
[0701/092714.696:WARNING:pe_image_reader.cc(340)] could not read dos header from C:\WINDOWS\System32\OLEAUT32.dll
[0701/092714.696:ERROR:process_memory_win.cc(73)] ReadMemory at 0x7ffa5a620000 of 64 bytes failed: 仅完成部分的 ReadProcessMemory 或 WriteProcessMemory 请求。 (0x12B)
[0701/092714.696:WARNING:pe_image_reader.cc(340)] could not read dos header from C:\WINDOWS\System32\msvcp_win.dll
[0701/092714.696:ERROR:process_memory_win.cc(73)] ReadMemory at 0x7ffa5a940000 of 64 bytes failed: 仅完成部分的 ReadProcessMemory 或 WriteProcessMemory 请求。 (0x12B)
[0701/092714.696:WARNING:pe_image_reader.cc(340)] could not read dos header from C:\WINDOWS\System32\ucrtbase.dll
[0701/092714.696:ERROR:process_memory_win.cc(73)] ReadMemory at 0x7ffa5b6e0000 of 64 bytes failed: 仅完成部分的 ReadProcessMemory 或 WriteProcessMemory 请求。 (0x12B)
[0701/092714.696:WARNING:pe_image_reader.cc(340)] could not read dos header from C:\WINDOWS\System32\combase.dll
[0701/092714.697:ERROR:process_memory_win.cc(73)] ReadMemory at 0x7ffa5abe0000 of 64 bytes failed: 仅完成部分的 ReadProcessMemory 或 WriteProcessMemory 请求。 (0x12B)
[0701/092714.697:WARNING:pe_image_reader.cc(340)] could not read dos header from C:\WINDOWS\System32\WINTRUST.dll
[0701/092714.697:ERROR:process_memory_win.cc(73)] ReadMemory at 0x7ffa59d50000 of 64 bytes failed: 仅完成部分的 ReadProcessMemory 或 WriteProcessMemory 请求。 (0x12B)
[0701/092714.697:WARNING:pe_image_reader.cc(340)] could not read dos header from C:\WINDOWS\System32\MSASN1.dll
[0701/092714.697:ERROR:process_memory_win.cc(73)] ReadMemory at 0x7ffa5a7a0000 of 64 bytes failed: 仅完成部分的 ReadProcessMemory 或 WriteProcessMemory 请求。 (0x12B)
[0701/092714.697:WARNING:pe_image_reader.cc(340)] could not read dos header from C:\WINDOWS\System32\CRYPT32.dll
[0701/092714.697:ERROR:process_memory_win.cc(73)] ReadMemory at 0x7ffa59230000 of 64 bytes failed: 仅完成部分的 ReadProcessMemory 或 WriteProcessMemory 请求。 (0x12B)
[0701/092714.697:WARNING:pe_image_reader.cc(340)] could not read dos header from C:\WINDOWS\SYSTEM32\IPHLPAPI.DLL
[0701/092714.697:ERROR:process_memory_win.cc(73)] ReadMemory at 0x7ffa57950000 of 64 bytes failed: 仅完成部分的 ReadProcessMemory 或 WriteProcessMemory 请求。 (0x12B)
[0701/092714.697:WARNING:pe_image_reader.cc(340)] could not read dos header from C:\WINDOWS\SYSTEM32\WINMM.dll
[0701/092714.697:ERROR:process_memory_win.cc(73)] ReadMemory at 0x7ffa34680000 of 64 bytes failed: 仅完成部分的 ReadProcessMemory 或 WriteProcessMemory 请求。 (0x12B)
[0701/092714.697:WARNING:pe_image_reader.cc(340)] could not read dos header from C:\WINDOWS\SYSTEM32\Secur32.dll
[0701/092714.697:ERROR:process_memory_win.cc(73)] ReadMemory at 0x7ffa59c10000 of 64 bytes failed: 仅完成部分的 ReadProcessMemory 或 WriteProcessMemory 请求。 (0x12B)
[0701/092714.697:WARNING:pe_image_reader.cc(340)] could not read dos header from C:\WINDOWS\SYSTEM32\USERENV.dll
[0701/092714.697:ERROR:process_memory_win.cc(73)] ReadMemory at 0x7ffa59d70000 of 64 bytes failed: 仅完成部分的 ReadProcessMemory 或 WriteProcessMemory 请求。 (0x12B)
[0701/092714.697:WARNING:pe_image_reader.cc(340)] could not read dos header from C:\WINDOWS\System32\profapi.dll
[0701/092714.697:ERROR:process_memory_win.cc(73)] ReadMemory at 0x7ffa2ef30000 of 64 bytes failed: 仅完成部分的 ReadProcessMemory 或 WriteProcessMemory 请求。 (0x12B)
[0701/092714.698:WARNING:pe_image_reader.cc(340)] could not read dos header from C:\WINDOWS\SYSTEM32\UIAutomationCore.DLL
[0701/092714.698:ERROR:process_memory_win.cc(73)] ReadMemory at 0x7ffa3c140000 of 64 bytes failed: 仅完成部分的 ReadProcessMemory 或 WriteProcessMemory 请求。 (0x12B)
[0701/092714.698:WARNING:pe_image_reader.cc(340)] could not read dos header from C:\WINDOWS\SYSTEM32\DWrite.dll
[0701/092714.698:ERROR:process_memory_win.cc(73)] ReadMemory at 0x7ffa49090000 of 64 bytes failed: 仅完成部分的 ReadProcessMemory 或 WriteProcessMemory 请求。 (0x12B)
[0701/092714.698:WARNING:pe_image_reader.cc(340)] could not read dos header from C:\WINDOWS\SYSTEM32\WINSPOOL.DRV
[0701/092714.698:ERROR:process_memory_win.cc(73)] ReadMemory at 0x7ffa59d30000 of 64 bytes failed: 仅完成部分的 ReadProcessMemory 或 WriteProcessMemory 请求。 (0x12B)
[0701/092714.698:WARNING:pe_image_reader.cc(340)] could not read dos header from C:\WINDOWS\System32\kernel.appcore.dll
[0701/092714.698:ERROR:process_memory_win.cc(73)] ReadMemory at 0x7ffa59df0000 of 64 bytes failed: 仅完成部分的 ReadProcessMemory 或 WriteProcessMemory 请求。 (0x12B)
[0701/092714.698:WARNING:pe_image_reader.cc(340)] could not read dos header from C:\WINDOWS\System32\bcrypt.dll
[0701/092714.698:ERROR:process_memory_win.cc(73)] ReadMemory at 0x7ffa585e0000 of 64 bytes failed: 仅完成部分的 ReadProcessMemory 或 WriteProcessMemory 请求。 (0x12B)
[0701/092714.698:WARNING:pe_image_reader.cc(340)] could not read dos header from C:\WINDOWS\SYSTEM32\dbghelp.dll
[0701/092714.698:ERROR:process_memory_win.cc(73)] ReadMemory at 0x7ffa53360000 of 64 bytes failed: 仅完成部分的 ReadProcessMemory 或 WriteProcessMemory 请求。 (0x12B)
[0701/092714.698:WARNING:pe_image_reader.cc(340)] could not read dos header from C:\WINDOWS\SYSTEM32\WINHTTP.dll
[0701/092714.698:ERROR:process_memory_win.cc(73)] ReadMemory at 0x7ffa51e60000 of 64 bytes failed: 仅完成部分的 ReadProcessMemory 或 WriteProcessMemory 请求。 (0x12B)
[0701/092714.698:WARNING:pe_image_reader.cc(340)] could not read dos header from C:\WINDOWS\SYSTEM32\dhcpcsvc.DLL
[0701/092714.699:ERROR:process_memory_win.cc(73)] ReadMemory at 0x7ffa5ccb0000 of 64 bytes failed: 仅完成部分的 ReadProcessMemory 或 WriteProcessMemory 请求。 (0x12B)
[0701/092714.699:WARNING:pe_image_reader.cc(340)] could not read dos header from C:\WINDOWS\System32\NSI.dll
[0701/092714.699:ERROR:process_memory_win.cc(73)] ReadMemory at 0x7ffa574d0000 of 64 bytes failed: 仅完成部分的 ReadProcessMemory 或 WriteProcessMemory 请求。 (0x12B)
[0701/092714.699:WARNING:pe_image_reader.cc(340)] could not read dos header from C:\WINDOWS\SYSTEM32\WINMMBASE.dll
[0701/092714.699:ERROR:process_memory_win.cc(73)] ReadMemory at 0x7ffa5a8f0000 of 64 bytes failed: 仅完成部分的 ReadProcessMemory 或 WriteProcessMemory 请求。 (0x12B)
[0701/092714.699:WARNING:pe_image_reader.cc(340)] could not read dos header from C:\WINDOWS\System32\cfgmgr32.dll
[0701/092714.699:ERROR:process_memory_win.cc(73)] ReadMemory at 0x7ffa562c0000 of 64 bytes failed: 仅完成部分的 ReadProcessMemory 或 WriteProcessMemory 请求。 (0x12B)
[0701/092714.699:WARNING:pe_image_reader.cc(340)] could not read dos header from C:\WINDOWS\SYSTEM32\PROPSYS.dll
[0701/092714.699:ERROR:process_memory_win.cc(73)] ReadMemory at 0x7ffa5b540000 of 64 bytes failed: 仅完成部分的 ReadProcessMemory 或 WriteProcessMemory 请求。 (0x12B)
[0701/092714.699:WARNING:pe_image_reader.cc(340)] could not read dos header from C:\WINDOWS\System32\shcore.dll
[0701/092714.699:ERROR:process_memory_win.cc(73)] ReadMemory at 0x7ffa59c40000 of 64 bytes failed: 仅完成部分的 ReadProcessMemory 或 WriteProcessMemory 请求。 (0x12B)
[0701/092714.699:WARNING:pe_image_reader.cc(340)] could not read dos header from C:\WINDOWS\SYSTEM32\SSPICLI.DLL
[0701/092714.699:ERROR:process_memory_win.cc(73)] ReadMemory at 0x7ffa596f0000 of 64 bytes failed: 仅完成部分的 ReadProcessMemory 或 WriteProcessMemory 请求。 (0x12B)
[0701/092714.699:WARNING:pe_image_reader.cc(340)] could not read dos header from C:\WINDOWS\SYSTEM32\CRYPTBASE.DLL
[0701/092714.708:ERROR:process_memory_win.cc(73)] ReadMemory at 0x12fa3f9000 of 28672 bytes failed: 仅完成部分的 ReadProcessMemory 或 WriteProcessMemory 请求。 (0x12B)
[0701/092714.708:ERROR:process_memory_win.cc(73)] ReadMemory at 0x12fabfd000 of 12288 bytes failed: 仅完成部分的 ReadProcessMemory 或 WriteProcessMemory 请求。 (0x12B)
[0701/092714.708:ERROR:process_memory_win.cc(73)] ReadMemory at 0x12fb3fd000 of 12288 bytes failed: 仅完成部分的 ReadProcessMemory 或 WriteProcessMemory 请求。 (0x12B)
[0701/092714.708:ERROR:process_memory_win.cc(73)] ReadMemory at 0x12fbbfc000 of 16384 bytes failed: 仅完成部分的 ReadProcessMemory 或 WriteProcessMemory 请求。 (0x12B)
[0701/092714.708:ERROR:process_memory_win.cc(73)] ReadMemory at 0x12fc3fc000 of 16384 bytes failed: 仅完成部分的 ReadProcessMemory 或 WriteProcessMemory 请求。 (0x12B)
[0701/092714.708:ERROR:process_memory_win.cc(73)] ReadMemory at 0x12fcbfe000 of 8192 bytes failed: 仅完成部分的 ReadProcessMemory 或 WriteProcessMemory 请求。 (0x12B)
[0701/092714.708:ERROR:process_memory_win.cc(73)] ReadMemory at 0x12fd3fd000 of 12288 bytes failed: 仅完成部分的 ReadProcessMemory 或 WriteProcessMemory 请求。 (0x12B)
[0701/092714.709:ERROR:process_memory_win.cc(73)] ReadMemory at 0x12fdbfd000 of 12288 bytes failed: 仅完成部分的 ReadProcessMemory 或 WriteProcessMemory 请求。 (0x12B)
[0701/092714.709:ERROR:process_memory_win.cc(73)] ReadMemory at 0x12febfd000 of 12288 bytes failed: 仅完成部分的 ReadProcessMemory 或 WriteProcessMemory 请求。 (0x12B)
[0701/092714.709:ERROR:process_memory_win.cc(73)] ReadMemory at 0x12ff3fd000 of 12288 bytes failed: 仅完成部分的 ReadProcessMemory 或 WriteProcessMemory 请求。 (0x12B)
[0701/092714.709:ERROR:process_memory_win.cc(73)] ReadMemory at 0x12ffbfd000 of 12288 bytes failed: 仅完成部分的 ReadProcessMemory 或 WriteProcessMemory 请求。 (0x12B)
[0701/092714.709:ERROR:process_memory_win.cc(73)] ReadMemory at 0x12807fd000 of 12288 bytes failed: 仅完成部分的 ReadProcessMemory 或 WriteProcessMemory 请求。 (0x12B)
[0701/092714.709:ERROR:process_memory_win.cc(73)] ReadMemory at 0x1280ffd000 of 12288 bytes failed: 仅完成部分的 ReadProcessMemory 或 WriteProcessMemory 请求。 (0x12B)
[0701/092714.709:ERROR:process_memory_win.cc(73)] ReadMemory at 0x12817fd000 of 12288 bytes failed: 仅完成部分的 ReadProcessMemory 或 WriteProcessMemory 请求。 (0x12B)
[0701/092714.709:ERROR:process_memory_win.cc(73)] ReadMemory at 0x1281ffd000 of 12288 bytes failed: 仅完成部分的 ReadProcessMemory 或 WriteProcessMemory 请求。 (0x12B)
[0701/092714.709:ERROR:process_memory_win.cc(73)] ReadMemory at 0x12f9b04000 of 852 bytes failed: 仅完成部分的 ReadProcessMemory 或 WriteProcessMemory 请求。 (0x12B)
[0701/092714.709:ERROR:process_memory_win.cc(73)] ReadMemory at 0x12f9b05000 of 6024 bytes failed: 仅完成部分的 ReadProcessMemory 或 WriteProcessMemory 请求。 (0x12B)
[0701/092714.710:ERROR:process_memory_win.cc(73)] ReadMemory at 0x12f9b07000 of 6024 bytes failed: 仅完成部分的 ReadProcessMemory 或 WriteProcessMemory 请求。 (0x12B)
[0701/092714.710:ERROR:process_memory_win.cc(73)] ReadMemory at 0x12f9b09000 of 6024 bytes failed: 仅完成部分的 ReadProcessMemory 或 WriteProcessMemory 请求。 (0x12B)
[0701/092714.710:ERROR:process_memory_win.cc(73)] ReadMemory at 0x12f9b0b000 of 6024 bytes failed: 仅完成部分的 ReadProcessMemory 或 WriteProcessMemory 请求。 (0x12B)
[0701/092714.710:ERROR:process_memory_win.cc(73)] ReadMemory at 0x12f9b0d000 of 6024 bytes failed: 仅完成部分的 ReadProcessMemory 或 WriteProcessMemory 请求。 (0x12B)
[0701/092714.710:ERROR:process_memory_win.cc(73)] ReadMemory at 0x12f9b0f000 of 6024 bytes failed: 仅完成部分的 ReadProcessMemory 或 WriteProcessMemory 请求。 (0x12B)
[0701/092714.710:ERROR:process_memory_win.cc(73)] ReadMemory at 0x12f9b11000 of 6024 bytes failed: 仅完成部分的 ReadProcessMemory 或 WriteProcessMemory 请求。 (0x12B)
[0701/092714.710:ERROR:process_memory_win.cc(73)] ReadMemory at 0x12f9b13000 of 6024 bytes failed: 仅完成部分的 ReadProcessMemory 或 WriteProcessMemory 请求。 (0x12B)
[0701/092714.710:ERROR:process_memory_win.cc(73)] ReadMemory at 0x12f9b17000 of 6024 bytes failed: 仅完成部分的 ReadProcessMemory 或 WriteProcessMemory 请求。 (0x12B)
[0701/092714.711:ERROR:process_memory_win.cc(73)] ReadMemory at 0x12f9b19000 of 6024 bytes failed: 仅完成部分的 ReadProcessMemory 或 WriteProcessMemory 请求。 (0x12B)
[0701/092714.711:ERROR:process_memory_win.cc(73)] ReadMemory at 0x12f9b1b000 of 6024 bytes failed: 仅完成部分的 ReadProcessMemory 或 WriteProcessMemory 请求。 (0x12B)
[0701/092714.711:ERROR:process_memory_win.cc(73)] ReadMemory at 0x12f9b1d000 of 6024 bytes failed: 仅完成部分的 ReadProcessMemory 或 WriteProcessMemory 请求。 (0x12B)
[0701/092714.711:ERROR:process_memory_win.cc(73)] ReadMemory at 0x12f9b1f000 of 6024 bytes failed: 仅完成部分的 ReadProcessMemory 或 WriteProcessMemory 请求。 (0x12B)
[0701/092714.711:ERROR:process_memory_win.cc(73)] ReadMemory at 0x12f9b21000 of 6024 bytes failed: 仅完成部分的 ReadProcessMemory 或 WriteProcessMemory 请求。 (0x12B)
[0701/092714.712:ERROR:process_memory_win.cc(73)] ReadMemory at 0x12f9b23000 of 6024 bytes failed: 仅完成部分的 ReadProcessMemory 或 WriteProcessMemory 请求。 (0x12B)
[0701/092714.713:ERROR:process_memory_win.cc(73)] ReadMemory at 0x17b36ed0fe0 of 20634 bytes failed: 仅完成部分的 ReadProcessMemory 或 WriteProcessMemory 请求。 (0x12B)
[0701/092714.713:ERROR:process_memory_win.cc(73)] ReadMemory at 0x17b36ed6090 of 1012 bytes failed: 仅完成部分的 ReadProcessMemory 或 WriteProcessMemory 请求。 (0x12B)
[0701/092714.713:ERROR:process_memory_win.cc(73)] ReadMemory at 0x17b36ed66d8 of 118 bytes failed: 仅完成部分的 ReadProcessMemory 或 WriteProcessMemory 请求。 (0x12B)
[0701/092714.714:ERROR:process_memory_win.cc(73)] ReadMemory at 0x17b36ed6750 of 760 bytes failed: 仅完成部分的 ReadProcessMemory 或 WriteProcessMemory 请求。 (0x12B)
[0701/092714.714:ERROR:process_memory_win.cc(73)] ReadMemory at 0x17b36ed6a4a of 118 bytes failed: 仅完成部分的 ReadProcessMemory 或 WriteProcessMemory 请求。 (0x12B)
[0701/092714.714:ERROR:process_memory_win.cc(73)] ReadMemory at 0x17b36ed6ac2 of 96 bytes failed: 仅完成部分的 ReadProcessMemory 或 WriteProcessMemory 请求。 (0x12B)
[0701/092714.714:ERROR:process_memory_win.cc(73)] ReadMemory at 0x17b36ed6b30 of 58 bytes failed: 仅完成部分的 ReadProcessMemory 或 WriteProcessMemory 请求。 (0x12B)
[0701/092714.714:ERROR:process_memory_win.cc(73)] ReadMemory at 0x17b36ed6c30 of 132 bytes failed: 仅完成部分的 ReadProcessMemory 或 WriteProcessMemory 请求。 (0x12B)
[0701/092714.714:ERROR:process_memory_win.cc(73)] ReadMemory at 0x17b36ed6dc0 of 132 bytes failed: 仅完成部分的 ReadProcessMemory 或 WriteProcessMemory 请求。 (0x12B)
[0701/092714.714:ERROR:process_memory_win.cc(73)] ReadMemory at 0x17b36ed6f80 of 126 bytes failed: 仅完成部分的 ReadProcessMemory 或 WriteProcessMemory 请求。 (0x12B)
[0701/092714.714:ERROR:process_memory_win.cc(73)] ReadMemory at 0x17b36ed7360 of 132 bytes failed: 仅完成部分的 ReadProcessMemory 或 WriteProcessMemory 请求。 (0x12B)
[0701/092714.715:ERROR:process_memory_win.cc(73)] ReadMemory at 0x17b36ed74f0 of 64 bytes failed: 仅完成部分的 ReadProcessMemory 或 WriteProcessMemory 请求。 (0x12B)
[0701/092714.715:ERROR:process_memory_win.cc(73)] ReadMemory at 0x17b36ed7540 of 132 bytes failed: 仅完成部分的 ReadProcessMemory 或 WriteProcessMemory 请求。 (0x12B)
[0701/092714.715:ERROR:process_memory_win.cc(73)] ReadMemory at 0x17b36ed76b0 of 132 bytes failed: 仅完成部分的 ReadProcessMemory 或 WriteProcessMemory 请求。 (0x12B)
[0701/092714.715:ERROR:process_memory_win.cc(73)] ReadMemory at 0x17b36ed7950 of 132 bytes failed: 仅完成部分的 ReadProcessMemory 或 WriteProcessMemory 请求。 (0x12B)
[0701/092714.715:ERROR:process_memory_win.cc(73)] ReadMemory at 0x17b36ed7ae0 of 68 bytes failed: 仅完成部分的 ReadProcessMemory 或 WriteProcessMemory 请求。 (0x12B)
[0701/092714.715:ERROR:process_memory_win.cc(73)] ReadMemory at 0x17b36ed8a70 of 146 bytes failed: 仅完成部分的 ReadProcessMemory 或 WriteProcessMemory 请求。 (0x12B)
[0701/092714.715:ERROR:process_memory_win.cc(73)] ReadMemory at 0x17b36ed8b50 of 132 bytes failed: 仅完成部分的 ReadProcessMemory 或 WriteProcessMemory 请求。 (0x12B)
[0701/092714.715:ERROR:process_memory_win.cc(73)] ReadMemory at 0x17b36ed8ce0 of 154 bytes failed: 仅完成部分的 ReadProcessMemory 或 WriteProcessMemory 请求。 (0x12B)
[0701/092714.716:ERROR:process_memory_win.cc(73)] ReadMemory at 0x17b36eda630 of 132 bytes failed: 仅完成部分的 ReadProcessMemory 或 WriteProcessMemory 请求。 (0x12B)
[0701/092714.716:ERROR:process_memory_win.cc(73)] ReadMemory at 0x17b36edb690 of 62 bytes failed: 仅完成部分的 ReadProcessMemory 或 WriteProcessMemory 请求。 (0x12B)
[0701/092714.716:ERROR:process_memory_win.cc(73)] ReadMemory at 0x17b36edb7f0 of 132 bytes failed: 仅完成部分的 ReadProcessMemory 或 WriteProcessMemory 请求。 (0x12B)
[0701/092714.716:ERROR:process_memory_win.cc(73)] ReadMemory at 0x17b36edb980 of 60 bytes failed: 仅完成部分的 ReadProcessMemory 或 WriteProcessMemory 请求。 (0x12B)
[0701/092714.716:ERROR:process_memory_win.cc(73)] ReadMemory at 0x17b36edbdf0 of 132 bytes failed: 仅完成部分的 ReadProcessMemory 或 WriteProcessMemory 请求。 (0x12B)
[0701/092714.716:ERROR:process_memory_win.cc(73)] ReadMemory at 0x17b36edc010 of 132 bytes failed: 仅完成部分的 ReadProcessMemory 或 WriteProcessMemory 请求。 (0x12B)
[0701/092714.716:ERROR:process_memory_win.cc(73)] ReadMemory at 0x17b36edc370 of 132 bytes failed: 仅完成部分的 ReadProcessMemory 或 WriteProcessMemory 请求。 (0x12B)
[0701/092714.716:ERROR:process_memory_win.cc(73)] ReadMemory at 0x17b36edc580 of 132 bytes failed: 仅完成部分的 ReadProcessMemory 或 WriteProcessMemory 请求。 (0x12B)
[0701/092714.716:ERROR:process_memory_win.cc(73)] ReadMemory at 0x17b36edc9b0 of 132 bytes failed: 仅完成部分的 ReadProcessMemory 或 WriteProcessMemory 请求。 (0x12B)
[0701/092714.716:ERROR:process_memory_win.cc(73)] ReadMemory at 0x17b36edcb40 of 80 bytes failed: 仅完成部分的 ReadProcessMemory 或 WriteProcessMemory 请求。 (0x12B)
[0701/092714.717:ERROR:process_memory_win.cc(73)] ReadMemory at 0x17b36edf0b0 of 64 bytes failed: 仅完成部分的 ReadProcessMemory 或 WriteProcessMemory 请求。 (0x12B)
[0701/092714.717:ERROR:process_memory_win.cc(73)] ReadMemory at 0x17b36edf100 of 62 bytes failed: 仅完成部分的 ReadProcessMemory 或 WriteProcessMemory 请求。 (0x12B)
[0701/092714.717:ERROR:process_memory_win.cc(73)] ReadMemory at 0x17b36edf3d0 of 60 bytes failed: 仅完成部分的 ReadProcessMemory 或 WriteProcessMemory 请求。 (0x12B)
[0701/092714.717:ERROR:process_memory_win.cc(73)] ReadMemory at 0x17b36edf4c0 of 66 bytes failed: 仅完成部分的 ReadProcessMemory 或 WriteProcessMemory 请求。 (0x12B)
[0701/092714.717:ERROR:process_memory_win.cc(73)] ReadMemory at 0x17b36edf510 of 64 bytes failed: 仅完成部分的 ReadProcessMemory 或 WriteProcessMemory 请求。 (0x12B)
[0701/092714.717:ERROR:process_memory_win.cc(73)] ReadMemory at 0x17b36edf560 of 64 bytes failed: 仅完成部分的 ReadProcessMemory 或 WriteProcessMemory 请求。 (0x12B)
[0701/092714.717:ERROR:process_memory_win.cc(73)] ReadMemory at 0x17b36edf5b0 of 64 bytes failed: 仅完成部分的 ReadProcessMemory 或 WriteProcessMemory 请求。 (0x12B)
[0701/092714.717:ERROR:process_memory_win.cc(73)] ReadMemory at 0x17b36edf600 of 60 bytes failed: 仅完成部分的 ReadProcessMemory 或 WriteProcessMemory 请求。 (0x12B)
[0701/092714.717:ERROR:process_memory_win.cc(73)] ReadMemory at 0x17b36edf6a0 of 62 bytes failed: 仅完成部分的 ReadProcessMemory 或 WriteProcessMemory 请求。 (0x12B)
[0701/092714.717:ERROR:process_memory_win.cc(73)] ReadMemory at 0x17b36edfea0 of 76 bytes failed: 仅完成部分的 ReadProcessMemory 或 WriteProcessMemory 请求。 (0x12B)
[0701/092714.718:ERROR:process_memory_win.cc(73)] ReadMemory at 0x17b36ee0560 of 80 bytes failed: 仅完成部分的 ReadProcessMemory 或 WriteProcessMemory 请求。 (0x12B)
[0701/092714.718:ERROR:process_memory_win.cc(73)] ReadMemory at 0x17b36ee0f00 of 62 bytes failed: 仅完成部分的 ReadProcessMemory 或 WriteProcessMemory 请求。 (0x12B)
[0701/092714.718:ERROR:process_memory_win.cc(73)] ReadMemory at 0x17b36ee0ff0 of 62 bytes failed: 仅完成部分的 ReadProcessMemory 或 WriteProcessMemory 请求。 (0x12B)
[0701/092714.718:ERROR:process_memory_win.cc(73)] ReadMemory at 0x17b36ee1040 of 62 bytes failed: 仅完成部分的 ReadProcessMemory 或 WriteProcessMemory 请求。 (0x12B)
[0701/092714.718:ERROR:process_memory_win.cc(73)] ReadMemory at 0x17b36ee1090 of 62 bytes failed: 仅完成部分的 ReadProcessMemory 或 WriteProcessMemory 请求。 (0x12B)
[0701/092714.718:ERROR:process_memory_win.cc(73)] ReadMemory at 0x17b36ee1270 of 60 bytes failed: 仅完成部分的 ReadProcessMemory 或 WriteProcessMemory 请求。 (0x12B)
[0701/092714.718:ERROR:process_memory_win.cc(73)] ReadMemory at 0x17b36ee1310 of 62 bytes failed: 仅完成部分的 ReadProcessMemory 或 WriteProcessMemory 请求。 (0x12B)
[0701/092714.718:ERROR:process_memory_win.cc(73)] ReadMemory at 0x17b36ee1540 of 64 bytes failed: 仅完成部分的 ReadProcessMemory 或 WriteProcessMemory 请求。 (0x12B)
[0701/092714.718:ERROR:process_memory_win.cc(73)] ReadMemory at 0x17b36ee16d0 of 58 bytes failed: 仅完成部分的 ReadProcessMemory 或 WriteProcessMemory 请求。 (0x12B)
[0701/092714.719:ERROR:process_memory_win.cc(73)] ReadMemory at 0x17b36ee1810 of 66 bytes failed: 仅完成部分的 ReadProcessMemory 或 WriteProcessMemory 请求。 (0x12B)
[0701/092714.719:ERROR:process_memory_win.cc(73)] ReadMemory at 0x17b36ee1860 of 64 bytes failed: 仅完成部分的 ReadProcessMemory 或 WriteProcessMemory 请求。 (0x12B)
[0701/092714.719:ERROR:process_memory_win.cc(73)] ReadMemory at 0x17b36ee18b0 of 64 bytes failed: 仅完成部分的 ReadProcessMemory 或 WriteProcessMemory 请求。 (0x12B)
[0701/092714.719:ERROR:process_memory_win.cc(73)] ReadMemory at 0x17b36ee1950 of 62 bytes failed: 仅完成部分的 ReadProcessMemory 或 WriteProcessMemory 请求。 (0x12B)
[0701/092714.719:ERROR:process_memory_win.cc(73)] ReadMemory at 0x17b36ee19a0 of 64 bytes failed: 仅完成部分的 ReadProcessMemory 或 WriteProcessMemory 请求。 (0x12B)
[0701/092714.719:ERROR:process_memory_win.cc(73)] ReadMemory at 0x17b36ee19f0 of 60 bytes failed: 仅完成部分的 ReadProcessMemory 或 WriteProcessMemory 请求。 (0x12B)
[0701/092714.719:ERROR:process_memory_win.cc(73)] ReadMemory at 0x17b36ee1a40 of 62 bytes failed: 仅完成部分的 ReadProcessMemory 或 WriteProcessMemory 请求。 (0x12B)
[0701/092714.719:ERROR:process_memory_win.cc(73)] ReadMemory at 0x17b36ee1a90 of 60 bytes failed: 仅完成部分的 ReadProcessMemory 或 WriteProcessMemory 请求。 (0x12B)
[0701/092714.720:ERROR:process_memory_win.cc(73)] ReadMemory at 0x17b36ee1b80 of 60 bytes failed: 仅完成部分的 ReadProcessMemory 或 WriteProcessMemory 请求。 (0x12B)
[0701/092714.720:ERROR:process_memory_win.cc(73)] ReadMemory at 0x17b36ee1bd0 of 62 bytes failed: 仅完成部分的 ReadProcessMemory 或 WriteProcessMemory 请求。 (0x12B)
[0701/092714.720:ERROR:process_memory_win.cc(73)] ReadMemory at 0x17b36ee6410 of 54 bytes failed: 仅完成部分的 ReadProcessMemory 或 WriteProcessMemory 请求。 (0x12B)
[0701/092714.720:ERROR:process_memory_win.cc(73)] ReadMemory at 0x17b36ee6e00 of 132 bytes failed: 仅完成部分的 ReadProcessMemory 或 WriteProcessMemory 请求。 (0x12B)
[0701/092714.720:ERROR:process_memory_win.cc(73)] ReadMemory at 0x17b36ee8650 of 132 bytes failed: 仅完成部分的 ReadProcessMemory 或 WriteProcessMemory 请求。 (0x12B)
[0701/092714.720:ERROR:process_memory_win.cc(73)] ReadMemory at 0x17b36ee8780 of 132 bytes failed: 仅完成部分的 ReadProcessMemory 或 WriteProcessMemory 请求。 (0x12B)
[0701/092714.720:ERROR:process_memory_win.cc(73)] ReadMemory at 0x17b36ee88b0 of 132 bytes failed: 仅完成部分的 ReadProcessMemory 或 WriteProcessMemory 请求。 (0x12B)
[0701/092714.720:ERROR:process_memory_win.cc(73)] ReadMemory at 0x17b36ee89e0 of 132 bytes failed: 仅完成部分的 ReadProcessMemory 或 WriteProcessMemory 请求。 (0x12B)
[0701/092714.721:ERROR:process_memory_win.cc(73)] ReadMemory at 0x17b36ee8b10 of 132 bytes failed: 仅完成部分的 ReadProcessMemory 或 WriteProcessMemory 请求。 (0x12B)
[0701/092714.721:ERROR:process_memory_win.cc(73)] ReadMemory at 0x17b36ee8d70 of 132 bytes failed: 仅完成部分的 ReadProcessMemory 或 WriteProcessMemory 请求。 (0x12B)
[0701/092714.721:ERROR:process_memory_win.cc(73)] ReadMemory at 0x17b36ee8ea0 of 132 bytes failed: 仅完成部分的 ReadProcessMemory 或 WriteProcessMemory 请求。 (0x12B)
[0701/092714.721:ERROR:process_memory_win.cc(73)] ReadMemory at 0x17b36ee8fd0 of 132 bytes failed: 仅完成部分的 ReadProcessMemory 或 WriteProcessMemory 请求。 (0x12B)
[0701/092714.721:ERROR:process_memory_win.cc(73)] ReadMemory at 0x17b36ee9100 of 132 bytes failed: 仅完成部分的 ReadProcessMemory 或 WriteProcessMemory 请求。 (0x12B)
[0701/092714.721:ERROR:process_memory_win.cc(73)] ReadMemory at 0x17b36ee9230 of 132 bytes failed: 仅完成部分的 ReadProcessMemory 或 WriteProcessMemory 请求。 (0x12B)
[0701/092714.721:ERROR:process_memory_win.cc(73)] ReadMemory at 0x17b36ee9360 of 132 bytes failed: 仅完成部分的 ReadProcessMemory 或 WriteProcessMemory 请求。 (0x12B)
[0701/092714.721:ERROR:process_memory_win.cc(73)] ReadMemory at 0x17b36ee9490 of 132 bytes failed: 仅完成部分的 ReadProcessMemory 或 WriteProcessMemory 请求。 (0x12B)
[0701/092714.721:ERROR:process_memory_win.cc(73)] ReadMemory at 0x17b36eeac00 of 132 bytes failed: 仅完成部分的 ReadProcessMemory 或 WriteProcessMemory 请求。 (0x12B)
[0701/092714.721:ERROR:process_memory_win.cc(73)] ReadMemory at 0x17b36eecd20 of 132 bytes failed: 仅完成部分的 ReadProcessMemory 或 WriteProcessMemory 请求。 (0x12B)
[0701/092714.722:ERROR:process_memory_win.cc(73)] ReadMemory at 0x17b36eecfa0 of 132 bytes failed: 仅完成部分的 ReadProcessMemory 或 WriteProcessMemory 请求。 (0x12B)
[0701/092714.722:ERROR:process_memory_win.cc(73)] ReadMemory at 0x17b36eed0d0 of 132 bytes failed: 仅完成部分的 ReadProcessMemory 或 WriteProcessMemory 请求。 (0x12B)
[0701/092714.722:ERROR:process_memory_win.cc(73)] ReadMemory at 0x17b36eed7f0 of 132 bytes failed: 仅完成部分的 ReadProcessMemory 或 WriteProcessMemory 请求。 (0x12B)
[0701/092714.722:ERROR:process_memory_win.cc(73)] ReadMemory at 0x17b36eedde0 of 132 bytes failed: 仅完成部分的 ReadProcessMemory 或 WriteProcessMemory 请求。 (0x12B)
[0701/092714.722:ERROR:process_memory_win.cc(73)] ReadMemory at 0x17b36eedf10 of 132 bytes failed: 仅完成部分的 ReadProcessMemory 或 WriteProcessMemory 请求。 (0x12B)
[0701/092714.722:ERROR:process_memory_win.cc(73)] ReadMemory at 0x17b36eee040 of 132 bytes failed: 仅完成部分的 ReadProcessMemory 或 WriteProcessMemory 请求。 (0x12B)
[0701/092714.722:ERROR:process_memory_win.cc(73)] ReadMemory at 0x17b36eee170 of 132 bytes failed: 仅完成部分的 ReadProcessMemory 或 WriteProcessMemory 请求。 (0x12B)
[0701/092714.722:ERROR:process_memory_win.cc(73)] ReadMemory at 0x17b36eee2a0 of 132 bytes failed: 仅完成部分的 ReadProcessMemory 或 WriteProcessMemory 请求。 (0x12B)
[0701/092714.723:ERROR:process_memory_win.cc(73)] ReadMemory at 0x17b36eee890 of 132 bytes failed: 仅完成部分的 ReadProcessMemory 或 WriteProcessMemory 请求。 (0x12B)
[0701/092714.723:ERROR:process_memory_win.cc(73)] ReadMemory at 0x17b36eeec20 of 132 bytes failed: 仅完成部分的 ReadProcessMemory 或 WriteProcessMemory 请求。 (0x12B)
[0701/092714.723:ERROR:process_memory_win.cc(73)] ReadMemory at 0x17b36f059f0 of 512 bytes failed: 仅完成部分的 ReadProcessMemory 或 WriteProcessMemory 请求。 (0x12B)
[0701/092714.723:ERROR:process_memory_win.cc(73)] ReadMemory at 0x17b36f068b0 of 512 bytes failed: 仅完成部分的 ReadProcessMemory 或 WriteProcessMemory 请求。 (0x12B)
[0701/092714.723:ERROR:process_memory_win.cc(73)] ReadMemory at 0x17b376e1180 of 512 bytes failed: 仅完成部分的 ReadProcessMemory 或 WriteProcessMemory 请求。 (0x12B)
[0701/092714.723:ERROR:process_memory_win.cc(73)] ReadMemory at 0x17b3778be40 of 512 bytes failed: 仅完成部分的 ReadProcessMemory 或 WriteProcessMemory 请求。 (0x12B)
[0701/092714.724:ERROR:process_memory_win.cc(73)] ReadMemory at 0x17b3778c860 of 512 bytes failed: 仅完成部分的 ReadProcessMemory 或 WriteProcessMemory 请求。 (0x12B)
[0701/092714.724:ERROR:process_memory_win.cc(73)] ReadMemory at 0x17b37793380 of 512 bytes failed: 仅完成部分的 ReadProcessMemory 或 WriteProcessMemory 请求。 (0x12B)
[0701/092714.724:ERROR:process_memory_win.cc(73)] ReadMemory at 0x17b377acf10 of 712 bytes failed: 仅完成部分的 ReadProcessMemory 或 WriteProcessMemory 请求。 (0x12B)
[0701/092714.724:ERROR:process_memory_win.cc(73)] ReadMemory at 0x17b377f1bd0 of 512 bytes failed: 仅完成部分的 ReadProcessMemory 或 WriteProcessMemory 请求。 (0x12B)
[0701/092714.724:ERROR:process_memory_win.cc(73)] ReadMemory at 0x17b3780ced0 of 512 bytes failed: 仅完成部分的 ReadProcessMemory 或 WriteProcessMemory 请求。 (0x12B)
[0701/092714.724:ERROR:process_memory_win.cc(73)] ReadMemory at 0x17b38ecc7e0 of 512 bytes failed: 仅完成部分的 ReadProcessMemory 或 WriteProcessMemory 请求。 (0x12B)
[0701/092714.725:ERROR:process_memory_win.cc(73)] ReadMemory at 0x17b38f8ea90 of 512 bytes failed: 仅完成部分的 ReadProcessMemory 或 WriteProcessMemory 请求。 (0x12B)
[0701/092714.725:ERROR:process_memory_win.cc(73)] ReadMemory at 0x17b38fd8020 of 512 bytes failed: 仅完成部分的 ReadProcessMemory 或 WriteProcessMemory 请求。 (0x12B)
[0701/092714.725:ERROR:process_memory_win.cc(73)] ReadMemory at 0x17b39015ed0 of 512 bytes failed: 仅完成部分的 ReadProcessMemory 或 WriteProcessMemory 请求。 (0x12B)
[0701/092714.725:ERROR:process_memory_win.cc(73)] ReadMemory at 0x17b39025268 of 512 bytes failed: 仅完成部分的 ReadProcessMemory 或 WriteProcessMemory 请求。 (0x12B)
[0701/092714.725:ERROR:process_memory_win.cc(73)] ReadMemory at 0x7ffa187f8e5c of 512 bytes failed: 仅完成部分的 ReadProcessMemory 或 WriteProcessMemory 请求。 (0x12B)
[0701/092714.725:ERROR:process_memory_win.cc(73)] ReadMemory at 0x7ffa18ed3ea0 of 553 bytes failed: 仅完成部分的 ReadProcessMemory 或 WriteProcessMemory 请求。 (0x12B)
[0701/092714.725:ERROR:process_memory_win.cc(73)] ReadMemory at 0x7ffa5aecc6e0 of 512 bytes failed: 仅完成部分的 ReadProcessMemory 或 WriteProcessMemory 请求。 (0x12B)
[0701/092714.725:ERROR:process_memory_win.cc(73)] ReadMemory at 0x7ffa5cefc074 of 672 bytes failed: 仅完成部分的 ReadProcessMemory 或 WriteProcessMemory 请求。 (0x12B)
[0701/092714.726:ERROR:process_memory_win.cc(73)] ReadMemory at 0x7ffa5cefc674 of 512 bytes failed: 仅完成部分的 ReadProcessMemory 或 WriteProcessMemory 请求。 (0x12B)
[0701/092714.726:ERROR:process_memory_win.cc(73)] ReadMemory at 0x7ffa5ceff924 of 608 bytes failed: 仅完成部分的 ReadProcessMemory 或 WriteProcessMemory 请求。 (0x12B)
[0701/092714.726:ERROR:process_memory_win.cc(73)] ReadMemory at 0x7ffa5cf8c428 of 18 bytes failed: 仅完成部分的 ReadProcessMemory 或 WriteProcessMemory 请求。 (0x12B)
[0701/092714.726:ERROR:process_memory_win.cc(73)] ReadMemory at 0x7ffa5cfbf4f8 of 40 bytes failed: 仅完成部分的 ReadProcessMemory 或 WriteProcessMemory 请求。 (0x12B)
[0701/092714.726:ERROR:process_memory_win.cc(73)] ReadMemory at 0x7ffa5cfbf978 of 48 bytes failed: 仅完成部分的 ReadProcessMemory 或 WriteProcessMemory 请求。 (0x12B)
[0701/092714.726:ERROR:process_memory_win.cc(73)] ReadMemory at 0x7ffa5cfc53c0 of 64 bytes failed: 仅完成部分的 ReadProcessMemory 或 WriteProcessMemory 请求。 (0x12B)
[0701/092714.728:ERROR:scoped_process_suspend.cc(40)] NtResumeProcess: 已尝试访问正在退出的过程。 (0xc000010a)
